2025-05-01 06:21:34,308 INFO: 
                ____                _       _____  ____
               / __ ) ____ _ _____ (_)_____/ ___/ / __ \
              / __  |/ __ `// ___// // ___/\__ \ / /_/ /
             / /_/ // /_/ /(__  )/ // /__ ___/ // _, _/
            /_____/ \__,_//____//_/ \___//____//_/ |_|
     ______                   __   __                 __      __
    / ____/____   ____   ____/ /  / /   __  __ _____ / /__   / /
   / / __ / __ \ / __ \ / __  /  / /   / / / // ___// //_/  / /
  / /_/ // /_/ // /_/ // /_/ /  / /___/ /_/ // /__ / /<    /_/
  \____/ \____/ \____/ \____/  /_____/\____/ \___//_/|_|  (_)
    
Version Information: 
	BasicSR: 1.3.5
	PyTorch: 2.7.0+cu128
	TorchVision: 0.22.0+cu128
2025-05-01 06:21:34,308 INFO: 
  name: train_SwinFIR_SRx4_from_scratch
  model_type: SwinFIRModel
  scale: 4
  num_gpu: 1
  manual_seed: 0
  datasets:[
    train:[
      name: FloodNet
      type: PairedImageDADataset
      dataroot_gt: datasets/uploads/LR_dataset_512/FloodNet/HR/train-org-img
      dataroot_lq: datasets/uploads/LR_dataset_512/FloodNet/LR/train-org-img
      io_backend:[
        type: disk
      ]
      gt_size: 512
      use_hflip: True
      use_rot: True
      use_mixup: True
      use_channelshuffle: True
      use_shuffle: True
      num_worker_per_gpu: 6
      batch_size_per_gpu: 4
      dataset_enlarge_ratio: 1
      prefetch_mode: None
      phase: train
      scale: 4
    ]
    val_1:[
      name: FloodNet-Val
      type: PairedImageDataset
      dataroot_gt: datasets/uploads/LR_dataset_512_val/FloodNet/HR/train-org-img
      dataroot_lq: datasets/uploads/LR_dataset_512_val/FloodNet/LR/train-org-img
      io_backend:[
        type: disk
      ]
      phase: val
      scale: 4
    ]
  ]
  network_g:[
    type: SwinFIR
    upscale: 4
    in_chans: 3
    img_size: 128
    window_size: 16
    img_range: 1.0
    depths: [6, 6, 6, 6, 6, 6]
    embed_dim: 180
    num_heads: [6, 6, 6, 6, 6, 6]
    mlp_ratio: 2
    upsampler: pixelshuffle
    resi_connection: SFB
  ]
  path:[
    pretrain_network_g: None
    strict_load_g: True
    resume_state: None
    experiments_root: /teamspace/studios/this_studio/CSE498-CV-Project/SwinFIR/experiments/train_SwinFIR_SRx4_from_scratch
    models: /teamspace/studios/this_studio/CSE498-CV-Project/SwinFIR/experiments/train_SwinFIR_SRx4_from_scratch/models
    training_states: /teamspace/studios/this_studio/CSE498-CV-Project/SwinFIR/experiments/train_SwinFIR_SRx4_from_scratch/training_states
    log: /teamspace/studios/this_studio/CSE498-CV-Project/SwinFIR/experiments/train_SwinFIR_SRx4_from_scratch
    visualization: /teamspace/studios/this_studio/CSE498-CV-Project/SwinFIR/experiments/train_SwinFIR_SRx4_from_scratch/visualization
  ]
  train:[
    ema_decay: 0.999
    optim_g:[
      type: Adam
      lr: 0.0002
      weight_decay: 0
      betas: [0.9, 0.99]
    ]
    scheduler:[
      type: MultiStepLR
      milestones: [250000, 400000, 450000, 475000]
      gamma: 0.5
    ]
    total_iter: 50000
    warmup_iter: -1
    pixel_opt:[
      type: CharbonnierLossColor
      loss_weight: 1.0
      reduction: mean
    ]
  ]
  val:[
    val_freq: 5000.0
    save_img: False
    pbar: False
    metrics:[
      psnr:[
        type: calculate_psnr
        crop_border: 4
        test_y_channel: True
        better: higher
      ]
      ssim:[
        type: calculate_ssim
        crop_border: 4
        test_y_channel: True
        better: higher
      ]
    ]
  ]
  logger:[
    print_freq: 200
    save_checkpoint_freq: 500.0
    use_tb_logger: True
    wandb:[
      project: None
      resume_id: None
    ]
  ]
  dist_params:[
    backend: nccl
    port: 29500
  ]
  dist: False
  rank: 0
  world_size: 1
  auto_resume: False
  is_train: True
  root_path: /teamspace/studios/this_studio/CSE498-CV-Project/SwinFIR

